> Task :gradle-plugin:settings-plugin:checkKotlinGradlePluginConfigurationErrors SKIPPED
> Task :gradle-plugin:shared:checkKotlinGradlePluginConfigurationErrors SKIPPED
> Task :gradle-plugin:shared:compileKotlin UP-TO-DATE
> Task :gradle-plugin:shared:compileJava NO-SOURCE
> Task :gradle-plugin:shared:processResources NO-SOURCE
> Task :gradle-plugin:shared:classes UP-TO-DATE
> Task :gradle-plugin:shared:jar UP-TO-DATE
> Task :gradle-plugin:settings-plugin:compileKotlin UP-TO-DATE
> Task :gradle-plugin:settings-plugin:compileJava NO-SOURCE
> Task :gradle-plugin:settings-plugin:pluginDescriptors UP-TO-DATE
> Task :gradle-plugin:settings-plugin:processResources UP-TO-DATE
> Task :gradle-plugin:settings-plugin:classes UP-TO-DATE
> Task :gradle-plugin:settings-plugin:jar UP-TO-DATE
> Task :gradle-plugin:react-native-gradle-plugin:checkKotlinGradlePluginConfigurationErrors SKIPPED
> Task :gradle-plugin:react-native-gradle-plugin:compileKotlin UP-TO-DATE
> Task :gradle-plugin:react-native-gradle-plugin:compileJava NO-SOURCE
> Task :gradle-plugin:react-native-gradle-plugin:pluginDescriptors UP-TO-DATE
> Task :gradle-plugin:react-native-gradle-plugin:processResources UP-TO-DATE
> Task :gradle-plugin:react-native-gradle-plugin:classes UP-TO-DATE
> Task :gradle-plugin:react-native-gradle-plugin:jar UP-TO-DATE

> Configure project :
.\gradlew : *********
*********************
*********************
*********************
********
At line:1 char:1
+ .\gradlew 
assembleDebug > 
build_output.txt 2>&1
+ ~~~~~~~~~~~~~~~~~~~
~~~~~~~~~~~~~~~~~~~~~
~~~~~~~
    + CategoryInfo   
           : NotSpe  
  cified: (*******   
 ********...*****    
**********:Strin    
g) [], RemoteExc    
eption
    + FullyQualified 
   ErrorId : Native  
  CommandError
 

WARNING: Setting `new
ArchEnabled=false` 
in your 
`gradle.properties` 
file is not
supported anymore 
since React Native 
0.82.

You can remove the 
line from your 
`gradle.properties` 
file.

The application will 
run with the New 
Architecture enabled 
by default.

*********************
*********************
*********************
*****************


[Incubating] Problems report is available at: file:///C:/Users/ashwi/OneDrive/Desktop/HW%20TASK/HWTask/android/build/reports/problems/problems-report.html

FAILURE: Build 
failed with an 
exception.

* Where:
Build file 'C:\Users\
ashwi\OneDrive\Deskto
p\HW TASK\HWTask\andr
oid\app\build.gradle'
 line: 1

* What went wrong:
A problem occurred 
evaluating project 
':app'.
> Failed to apply 
plugin 'com.android.i
nternal.application'.
   > Android Gradle 
plugin requires Java 
17 to run. You are 
currently using Java 
11.
      Your current 
JDK is located in 
C:\Program 
Files\Eclipse Adoptiu
m\jdk-11.0.28.6-hotsp
ot
      You can try 
some of the 
following options:
       - changing 
the IDE settings.
       - changing 
the JAVA_HOME 
environment variable.
       - changing `or
g.gradle.java.home` 
in 
`gradle.properties`.

* Try:
> Run with 
--stacktrace option 
to get the stack 
trace.
> Run with --info or 
--debug option to 
get more log output.
> Run with --scan to 
get full insights.
> Get more help at ht
tps://help.gradle.org
.

Deprecated Gradle features were used in this build, making it incompatible with Gradle 9.0.

You can use '--warning-mode all' to show the individual deprecation warnings and determine if they come from your own scripts or plugins.

For more on this, please refer to https://docs.gradle.org/8.13/userguide/command_line_interface.html#sec:command_line_warnings in the Gradle documentation.

BUILD FAILED in 3s
10 actionable tasks: 10 up-to-date
